<?xml version="1.0" encoding="UTF-8"?>
<testsuite name="ChatMessageTest" tests="4" skipped="0" failures="0" errors="0" timestamp="2025-03-18T00:36:00" hostname="Raphaels-MacBook-Pro.local" time="0.006">
  <properties/>
  <testcase name="getFieldModifiers_arePrivate()" classname="ChatMessageTest" time="0.004"/>
  <testcase name="getMethods_retrieveClassFields_unchangedSinceConstruction()" classname="ChatMessageTest" time="0.001"/>
  <testcase name="getFieldModifiers_areFinal()" classname="ChatMessageTest" time="0.0"/>
  <testcase name="getClassModifiers_isFinal()" classname="ChatMessageTest" time="0.0"/>
  <system-out><![CDATA[]]></system-out>
  <system-err><![CDATA[]]></system-err>
</testsuite>
